<?xml version="1.0" encoding="UTF-8"?>
<testsuite name="Regression Test"
           tests="2"
           failures="0"
           errors="0"
           skipped="0"
           time="15.915">
  <properties />
  
  
            <testcase name="verifyProductAddedToShoppingCartSuccessFully" time="14.981" classname="com.nopcommerce.demo.testsuite.ComputerMenuTest" />
                <testcase name="verifyProductArrangeInAlphabeticalOrder" time="0.934" classname="com.nopcommerce.demo.testsuite.ComputerMenuTest" />
      
</testsuite>
